2016-01-08 21:48:53,739 - Temperature_GF_Corridor  : 20.90000000
2016-01-08 21:48:53,755 - Temperature_GF_Toilet    : 21.00000000
2016-01-08 21:48:53,768 - Temperature_GF_Living    : 22.20000000
2016-01-08 21:48:53,778 - Temperature_GF_Kitchen   : 21.40000000
2016-01-08 21:48:53,794 - Temperature_FF_Bath      : 21.10000000
2016-01-08 21:48:53,819 - Temperature_FF_Office    : 18.10000000
2016-01-08 21:48:53,827 - Temperature_FF_Child     : 20.20000000
2016-01-08 21:48:53,848 - Temperature_FF_Bed       : 21.40000000
2016-01-08 21:50:00,018 - Temperature_GF_Corridor  : 22.40000000
2016-01-08 21:50:00,075 - Temperature_GF_Toilet    : 20.10000000
2016-01-08 21:50:00,089 - Temperature_GF_Living    : 21.50000000
2016-01-08 21:50:00,100 - Temperature_GF_Kitchen   : 18.30000000
2016-01-08 21:50:00,109 - Temperature_FF_Bath      : 19.30000000
2016-01-08 21:50:00,113 - Temperature_FF_Office    : 20.10000000
2016-01-08 21:50:00,121 - Temperature_FF_Child     : 21.40000000
2016-01-08 21:50:00,125 - Temperature_FF_Bed       : 20.80000000
2016-01-08 21:55:00,047 - Temperature_GF_Toilet    : 18.20000000
2016-01-08 21:55:00,059 - Temperature_GF_Living    : 18.50000000
2016-01-08 21:55:00,065 - Temperature_GF_Kitchen   : 22.00000000
2016-01-08 21:55:00,069 - Temperature_FF_Bath      : 21.20000000
2016-01-08 21:55:00,073 - Temperature_FF_Office    : 17.60000000
2016-01-08 21:55:00,079 - Temperature_FF_Child     : 21.90000000
2016-01-08 21:55:00,083 - Temperature_FF_Bed       : 20.50000000
2016-01-08 22:00:00,009 - Temperature_GF_Corridor  : 19.40000000
2016-01-08 22:00:00,037 - Temperature_GF_Toilet    : 21.30000000
2016-01-08 22:00:00,045 - Temperature_GF_Living    : 18.60000000
2016-01-08 22:00:00,051 - Temperature_GF_Kitchen   : 18.00000000
2016-01-08 22:00:00,061 - Temperature_FF_Bath      : 19.70000000
2016-01-08 22:00:00,065 - Temperature_FF_Office    : 18.10000000
2016-01-08 22:00:00,067 - Temperature_FF_Child     : 21.30000000
2016-01-08 22:00:00,074 - Temperature_FF_Bed       : 20.10000000
2016-01-08 22:05:00,010 - Temperature_GF_Corridor  : 21.50000000
2016-01-08 22:05:00,031 - Temperature_GF_Toilet    : 19.00000000
2016-01-08 22:05:00,037 - Temperature_GF_Living    : 17.90000000
2016-01-08 22:05:00,042 - Temperature_GF_Kitchen   : 17.60000000
2016-01-08 22:05:00,047 - Temperature_FF_Bath      : 20.30000000
2016-01-08 22:05:00,051 - Temperature_FF_Office    : 17.60000000
2016-01-08 22:05:00,055 - Temperature_FF_Child     : 22.00000000
2016-01-08 22:05:00,060 - Temperature_FF_Bed       : 19.50000000
2016-01-08 22:10:00,007 - Temperature_GF_Corridor  : 22.10000000
2016-01-08 22:10:00,029 - Temperature_GF_Toilet    : 18.20000000
2016-01-08 22:10:00,037 - Temperature_GF_Living    : 17.80000000
2016-01-08 22:10:00,041 - Temperature_GF_Kitchen   : 19.00000000
2016-01-08 22:10:00,047 - Temperature_FF_Bath      : 21.10000000
2016-01-08 22:10:00,052 - Temperature_FF_Office    : 22.50000000
2016-01-08 22:10:00,055 - Temperature_FF_Child     : 17.90000000
2016-01-08 22:10:00,060 - Temperature_FF_Bed       : 19.10000000
2016-01-08 22:15:00,014 - Temperature_GF_Corridor  : 19.50000000
2016-01-08 22:15:00,057 - Temperature_GF_Toilet    : 19.50000000
2016-01-08 22:15:00,069 - Temperature_GF_Living    : 21.90000000
2016-01-08 22:15:00,072 - Temperature_GF_Kitchen   : 19.10000000
2016-01-08 22:15:00,076 - Temperature_FF_Bath      : 20.10000000
2016-01-08 22:15:00,079 - Temperature_FF_Office    : 21.70000000
2016-01-08 22:15:00,082 - Temperature_FF_Child     : 20.90000000
2016-01-08 22:15:00,085 - Temperature_FF_Bed       : 22.20000000
2016-01-08 22:20:00,004 - Temperature_GF_Corridor  : 22.30000000
2016-01-08 22:20:00,024 - Temperature_GF_Toilet    : 20.30000000
2016-01-08 22:20:00,028 - Temperature_GF_Living    : 22.50000000
2016-01-08 22:20:00,031 - Temperature_GF_Kitchen   : 22.30000000
2016-01-08 22:20:00,035 - Temperature_FF_Bath      : 20.60000000
2016-01-08 22:20:00,042 - Temperature_FF_Office    : 18.20000000
2016-01-08 22:20:00,050 - Temperature_FF_Child     : 18.30000000
2016-01-08 22:20:00,054 - Temperature_FF_Bed       : 20.00000000
2016-01-08 22:25:00,004 - Temperature_GF_Corridor  : 22.10000000
2016-01-08 22:25:00,031 - Temperature_GF_Toilet    : 22.00000000
2016-01-08 22:25:00,035 - Temperature_GF_Living    : 18.70000000
2016-01-08 22:25:00,041 - Temperature_GF_Kitchen   : 20.40000000
2016-01-08 22:25:00,048 - Temperature_FF_Bath      : 20.80000000
2016-01-08 22:25:00,051 - Temperature_FF_Office    : 18.60000000
2016-01-08 22:25:00,057 - Temperature_FF_Child     : 20.30000000
2016-01-08 22:25:00,060 - Temperature_FF_Bed       : 18.20000000
2016-01-08 22:30:00,007 - Temperature_GF_Corridor  : 22.30000000
2016-01-08 22:30:00,032 - Temperature_GF_Toilet    : 20.80000000
2016-01-08 22:30:00,035 - Temperature_GF_Living    : 21.90000000
2016-01-08 22:30:00,044 - Temperature_GF_Kitchen   : 19.70000000
2016-01-08 22:30:00,047 - Temperature_FF_Bath      : 19.60000000
2016-01-08 22:30:00,054 - Temperature_FF_Office    : 19.00000000
2016-01-08 22:30:00,059 - Temperature_FF_Child     : 20.60000000
2016-01-08 22:30:00,063 - Temperature_FF_Bed       : 20.60000000
2016-01-08 22:35:00,005 - Temperature_GF_Corridor  : 20.70000000
2016-01-08 22:35:00,027 - Temperature_GF_Toilet    : 22.00000000
2016-01-08 22:35:00,043 - Temperature_GF_Kitchen   : 21.10000000
2016-01-08 22:35:00,048 - Temperature_FF_Bath      : 18.50000000
2016-01-08 22:35:00,052 - Temperature_FF_Office    : 22.30000000
2016-01-08 22:35:00,055 - Temperature_FF_Child     : 18.80000000
2016-01-08 22:35:00,059 - Temperature_FF_Bed       : 19.00000000
2016-01-08 22:40:00,005 - Temperature_GF_Corridor  : 19.00000000
2016-01-08 22:40:00,019 - Temperature_GF_Toilet    : 20.40000000
2016-01-08 22:40:00,023 - Temperature_GF_Living    : 22.00000000
2016-01-08 22:40:00,026 - Temperature_GF_Kitchen   : 20.50000000
2016-01-08 22:40:00,031 - Temperature_FF_Bath      : 18.60000000
2016-01-08 22:40:00,040 - Temperature_FF_Office    : 22.40000000
2016-01-08 22:40:00,046 - Temperature_FF_Child     : 17.60000000
2016-01-08 22:40:00,049 - Temperature_FF_Bed       : 17.90000000
2016-01-12 19:35:00,051 - Temperature_GF_Corridor  : 19.90000000
2016-01-12 19:35:00,071 - Temperature_GF_Toilet    : 17.90000000
2016-01-12 19:35:00,090 - Temperature_GF_Living    : 18.90000000
2016-01-12 19:35:00,107 - Temperature_GF_Kitchen   : 18.50000000
2016-01-12 19:35:00,122 - Temperature_FF_Bath      : 19.90000000
2016-01-12 19:35:00,135 - Temperature_FF_Office    : 19.40000000
2016-01-12 19:35:00,148 - Temperature_FF_Child     : 20.80000000
2016-01-12 19:35:00,166 - Temperature_FF_Bed       : 18.00000000
2016-01-12 22:50:00,150 - Temperature_GF_Corridor  : 20.00000000
2016-01-12 22:50:00,171 - Temperature_GF_Toilet    : 21.80000000
2016-01-12 22:50:00,193 - Temperature_GF_Living    : 22.30000000
2016-01-12 22:50:00,221 - Temperature_GF_Kitchen   : 20.30000000
2016-01-12 22:50:00,284 - Temperature_FF_Bath      : 17.60000000
2016-01-12 22:50:00,306 - Temperature_FF_Office    : 17.70000000
2016-01-12 22:50:00,326 - Temperature_FF_Child     : 19.20000000
2016-01-12 22:50:00,345 - Temperature_FF_Bed       : 22.20000000
2016-01-12 23:01:53,175 - Temperature_GF_Corridor  : 21.20000000
2016-01-12 23:01:53,192 - Temperature_GF_Toilet    : 20.80000000
2016-01-12 23:01:53,205 - Temperature_GF_Living    : 21.00000000
2016-01-12 23:01:53,225 - Temperature_GF_Kitchen   : 20.60000000
2016-01-12 23:01:53,243 - Temperature_FF_Bath      : 18.70000000
2016-01-12 23:01:53,267 - Temperature_FF_Office    : 19.50000000
2016-01-12 23:01:53,288 - Temperature_FF_Child     : 22.00000000
2016-01-12 23:01:53,310 - Temperature_FF_Bed       : 20.70000000
2016-01-12 23:05:00,044 - Temperature_GF_Corridor  : 18.80000000
2016-01-12 23:05:00,069 - Temperature_GF_Toilet    : 18.30000000
2016-01-12 23:05:00,089 - Temperature_GF_Living    : 21.30000000
2016-01-12 23:05:00,106 - Temperature_GF_Kitchen   : 19.40000000
2016-01-12 23:05:00,122 - Temperature_FF_Bath      : 17.90000000
2016-01-12 23:05:00,139 - Temperature_FF_Office    : 20.70000000
2016-01-12 23:05:00,153 - Temperature_FF_Child     : 19.80000000
2016-01-12 23:05:00,166 - Temperature_FF_Bed       : 18.60000000
2016-01-13 19:50:00,059 - Temperature_GF_Corridor  : 18.20000000
2016-01-13 19:50:00,089 - Temperature_GF_Toilet    : 21.10000000
2016-01-13 19:50:00,108 - Temperature_GF_Living    : 21.50000000
2016-01-13 19:50:00,127 - Temperature_GF_Kitchen   : 18.00000000
2016-01-13 19:50:00,151 - Temperature_FF_Bath      : 22.40000000
2016-01-13 19:50:00,168 - Temperature_FF_Office    : 20.40000000
2016-01-13 19:50:00,183 - Temperature_FF_Child     : 22.40000000
2016-01-13 19:50:00,201 - Temperature_FF_Bed       : 22.00000000
2016-01-13 19:56:46,261 - Temperature_GF_Kitchen   : 20.60000000
2016-01-13 19:56:46,285 - Temperature_FF_Bath      : 19.20000000
2016-01-13 19:56:46,305 - Temperature_FF_Office    : 19.80000000
2016-01-13 19:56:46,324 - Temperature_FF_Child     : 21.10000000
2016-01-13 19:56:46,344 - Temperature_FF_Bed       : 18.30000000
2016-01-13 20:00:00,048 - Temperature_GF_Corridor  : 21.10000000
2016-01-13 20:00:00,085 - Temperature_GF_Toilet    : 21.80000000
2016-01-13 20:00:00,106 - Temperature_GF_Living    : 18.40000000
2016-01-13 20:00:00,125 - Temperature_GF_Kitchen   : 18.20000000
2016-01-13 20:00:00,140 - Temperature_FF_Bath      : 19.50000000
2016-01-13 20:00:00,158 - Temperature_FF_Office    : 17.90000000
2016-01-13 20:00:00,176 - Temperature_FF_Child     : 21.70000000
2016-01-13 20:00:00,193 - Temperature_FF_Bed       : 18.90000000
2016-01-13 20:05:00,047 - Temperature_GF_Corridor  : 18.90000000
2016-01-13 20:05:00,072 - Temperature_GF_Toilet    : 19.40000000
2016-01-13 20:05:00,094 - Temperature_GF_Living    : 20.80000000
2016-01-13 20:05:00,110 - Temperature_GF_Kitchen   : 18.30000000
2016-01-13 20:05:00,129 - Temperature_FF_Bath      : 19.90000000
2016-01-13 20:05:00,151 - Temperature_FF_Office    : 21.70000000
2016-01-13 20:05:00,165 - Temperature_FF_Child     : 20.20000000
2016-01-13 20:05:00,180 - Temperature_FF_Bed       : 18.20000000
2016-01-13 20:10:00,051 - Temperature_GF_Corridor  : 19.50000000
2016-01-13 20:10:00,075 - Temperature_GF_Toilet    : 18.20000000
2016-01-13 20:10:00,100 - Temperature_GF_Living    : 20.40000000
2016-01-13 20:10:00,113 - Temperature_GF_Kitchen   : 22.00000000
2016-01-13 20:10:00,127 - Temperature_FF_Bath      : 22.20000000
2016-01-13 20:10:00,141 - Temperature_FF_Office    : 20.20000000
2016-01-13 20:10:00,154 - Temperature_FF_Child     : 17.70000000
2016-01-13 20:10:00,168 - Temperature_FF_Bed       : 17.90000000
2016-01-13 20:15:00,046 - Temperature_GF_Corridor  : 20.80000000
2016-01-13 20:15:00,072 - Temperature_GF_Toilet    : 18.80000000
2016-01-13 20:15:00,092 - Temperature_GF_Living    : 19.90000000
2016-01-13 20:15:00,106 - Temperature_GF_Kitchen   : 19.30000000
2016-01-13 20:15:00,119 - Temperature_FF_Bath      : 19.30000000
2016-01-13 20:15:00,133 - Temperature_FF_Office    : 20.90000000
2016-01-13 20:15:00,148 - Temperature_FF_Child     : 20.10000000
2016-01-13 20:15:00,164 - Temperature_FF_Bed       : 19.40000000
2016-01-13 20:20:00,166 - Temperature_GF_Corridor  : 19.90000000
2016-01-13 20:20:00,182 - Temperature_GF_Toilet    : 18.20000000
2016-01-13 20:20:00,195 - Temperature_GF_Living    : 19.90000000
2016-01-13 20:20:00,207 - Temperature_GF_Kitchen   : 22.10000000
2016-01-13 20:20:00,220 - Temperature_FF_Bath      : 17.60000000
2016-01-13 20:20:00,234 - Temperature_FF_Office    : 22.40000000
2016-01-13 20:20:00,247 - Temperature_FF_Child     : 17.90000000
2016-01-13 20:20:00,258 - Temperature_FF_Bed       : 20.10000000
2016-01-13 20:25:00,029 - Temperature_GF_Corridor  : 20.70000000
2016-01-13 20:25:00,084 - Temperature_GF_Toilet    : 17.80000000
2016-01-13 20:25:00,099 - Temperature_GF_Living    : 19.20000000
2016-01-13 20:25:00,118 - Temperature_GF_Kitchen   : 21.90000000
2016-01-13 20:25:00,128 - Temperature_FF_Bath      : 20.00000000
2016-01-13 20:25:00,147 - Temperature_FF_Office    : 21.30000000
2016-01-13 20:25:00,160 - Temperature_FF_Child     : 21.50000000
2016-01-13 20:25:00,172 - Temperature_FF_Bed       : 22.40000000
2016-01-13 20:30:00,034 - Temperature_GF_Corridor  : 22.40000000
2016-01-13 20:30:00,048 - Temperature_GF_Toilet    : 17.70000000
2016-01-13 20:30:00,074 - Temperature_GF_Living    : 22.10000000
2016-01-13 20:30:00,089 - Temperature_GF_Kitchen   : 18.10000000
2016-01-13 20:30:00,100 - Temperature_FF_Bath      : 20.10000000
2016-01-13 20:30:00,109 - Temperature_FF_Office    : 19.90000000
2016-01-13 20:30:00,117 - Temperature_FF_Child     : 19.70000000
2016-01-13 20:30:00,125 - Temperature_FF_Bed       : 17.60000000
